2025-07-21T05:27:40 | touched: README.md
2025-09-16T17:51:03 | touched: LICENSE
2025-11-17T04:52:02 | touched: src/main.rs
2026-01-27T02:56:00 | touched: src/main.rs
2025-09-18T11:22:25 | touched: src/lib.rs
2025-11-21T16:40:43 | touched: README.md
2025-08-31T17:27:20 | touched: LICENSE
2026-01-28T14:49:09 | touched: LICENSE
2025-04-03T21:40:32 | touched: Cargo.toml
2026-02-02T03:49:00 | touched: src/lib.rs
2026-01-20T17:17:08 | touched: src/lib.rs
2025-01-27T20:40:09 | touched: README.md
2026-01-30T21:07:10 | touched: README.md
2026-01-13T11:28:18 | touched: LICENSE
2026-01-08T21:17:04 | touched: LICENSE
2025-07-30T17:23:45 | touched: Cargo.toml
2025-05-30T19:08:14 | touched: README.md
2025-03-05T20:18:17 | touched: README.md
2026-02-04T13:15:53 | touched: README.md
2026-01-17T05:57:41 | touched: src/lib.rs
